{"C:\\Users\\Bravo\\Documents\\B.IT\\CreActivo\\Formacion\\Formacion-JS\\node\\mvp\\lib\\core\\system\\router\\routeId.js": {"path":"C:\\Users\\Bravo\\Documents\\B.IT\\CreActivo\\Formacion\\Formacion-JS\\node\\mvp\\lib\\core\\system\\router\\routeId.js","statementMap":{"0":{"start":{"line":4,"column":16},"end":{"line":4,"column":34}},"1":{"start":{"line":6,"column":17},"end":{"line":6,"column":119}},"2":{"start":{"line":8,"column":11},"end":{"line":8,"column":90}},"3":{"start":{"line":8,"column":41},"end":{"line":8,"column":85}},"4":{"start":{"line":10,"column":2},"end":{"line":10,"column":95}},"5":{"start":{"line":10,"column":38},"end":{"line":10,"column":77}},"6":{"start":{"line":12,"column":15},"end":{"line":12,"column":48}},"7":{"start":{"line":14,"column":2},"end":{"line":16,"column":3}},"8":{"start":{"line":15,"column":4},"end":{"line":15,"column":59}},"9":{"start":{"line":18,"column":2},"end":{"line":18,"column":31}},"10":{"start":{"line":20,"column":15},"end":{"line":20,"column":32}},"11":{"start":{"line":22,"column":2},"end":{"line":26,"column":11}},"12":{"start":{"line":31,"column":26},"end":{"line":31,"column":53}},"13":{"start":{"line":32,"column":15},"end":{"line":32,"column":60}},"14":{"start":{"line":33,"column":2},"end":{"line":33,"column":14}}},"fnMap":{"0":{"name":"(anonymous_0)","decl":{"start":{"line":1,"column":15},"end":{"line":1,"column":16}},"loc":{"start":{"line":1,"column":67},"end":{"line":27,"column":1}},"line":1},"1":{"name":"(anonymous_1)","decl":{"start":{"line":8,"column":24},"end":{"line":8,"column":25}},"loc":{"start":{"line":8,"column":41},"end":{"line":8,"column":85}},"line":8},"2":{"name":"(anonymous_2)","decl":{"start":{"line":10,"column":22},"end":{"line":10,"column":23}},"loc":{"start":{"line":10,"column":38},"end":{"line":10,"column":77}},"line":10},"3":{"name":"setParams","decl":{"start":{"line":29,"column":9},"end":{"line":29,"column":18}},"loc":{"start":{"line":29,"column":27},"end":{"line":35,"column":1}},"line":29}},"branchMap":{"0":{"loc":{"start":{"line":14,"column":2},"end":{"line":16,"column":3}},"type":"if","locations":[{"start":{"line":14,"column":2},"end":{"line":16,"column":3}},{"start":{},"end":{}}],"line":14},"1":{"loc":{"start":{"line":14,"column":6},"end":{"line":14,"column":39}},"type":"binary-expr","locations":[{"start":{"line":14,"column":6},"end":{"line":14,"column":22}},{"start":{"line":14,"column":26},"end":{"line":14,"column":39}}],"line":14}},"s":{"0":6,"1":6,"2":6,"3":12,"4":6,"5":103,"6":6,"7":6,"8":2,"9":4,"10":4,"11":4,"12":4,"13":4,"14":4},"f":{"0":6,"1":12,"2":103,"3":4},"b":{"0":[2,4],"1":[6,5]},"_coverageSchema":"1a1c01bbd47fc00a2c39e90264f33305004495a9","hash":"8588cde46cb38daca97d7d52848019e47643373d"}
}
